<?xml version="1.0" encoding="UTF-8"?>
<!-- Generated by org.testng.reporters.JUnitReportReporter -->
<testsuite hostname="IRSYADMA" failures="0" tests="7" name="com.test.kerja.sqa.api.indodax.EndtoEndGetPost" time="8.652" errors="0" timestamp="2024-08-02T08:05:19 ICT" skipped="0">
  <testcase classname="com.test.kerja.sqa.api.indodax.EndtoEndGetPost" name="createuser" time="5.802"/>
  <system-out/>
  <testcase classname="com.test.kerja.sqa.api.indodax.EndtoEndGetPost" name="createuserpost" time="0.506"/>
  <system-out/>
  <testcase classname="com.test.kerja.sqa.api.indodax.EndtoEndGetPost" name="createtodo" time="0.408"/>
  <system-out/>
  <testcase classname="com.test.kerja.sqa.api.indodax.EndtoEndGetPost" name="getalluserbyid" time="0.391"/>
  <system-out/>
  <testcase classname="com.test.kerja.sqa.api.indodax.EndtoEndGetPost" name="getpostcontent" time="0.596"/>
  <system-out/>
  <testcase classname="com.test.kerja.sqa.api.indodax.EndtoEndGetPost" name="getcomment" time="0.386"/>
  <system-out/>
  <testcase classname="com.test.kerja.sqa.api.indodax.EndtoEndGetPost" name="gettodo" time="0.563"/>
  <system-out/>
</testsuite> <!-- com.test.kerja.sqa.api.indodax.EndtoEndGetPost -->
