<?xml version="1.0" encoding="UTF-8"?>
<!-- Generated by org.testng.reporters.JUnitReportReporter -->
<testsuite hostname="IRSYADMA" failures="0" tests="4" name="com.test.kerja.sqa.api.indodax.UserGet" time="10.766" errors="0" timestamp="2024-08-02T07:51:07 ICT" skipped="0">
  <testcase classname="com.test.kerja.sqa.api.indodax.UserGet" name="gettodo" time="2.414"/>
  <system-out/>
  <testcase classname="com.test.kerja.sqa.api.indodax.UserGet" name="getalluserbyid" time="4.782"/>
  <system-out/>
  <testcase classname="com.test.kerja.sqa.api.indodax.UserGet" name="getpostcontent" time="2.326"/>
  <system-out/>
  <testcase classname="com.test.kerja.sqa.api.indodax.UserGet" name="getcomment" time="1.244"/>
  <system-out/>
</testsuite> <!-- com.test.kerja.sqa.api.indodax.UserGet -->
