<?xml version="1.0" encoding="UTF-8"?>
<!-- Generated by org.testng.reporters.JUnitReportReporter -->
<testsuite hostname="IRSYADMA" failures="0" tests="3" name="com.test.kerja.sqa.api.indodax.UserPost" time="5.544" errors="0" timestamp="2024-08-02T05:37:19 ICT" skipped="0">
  <testcase classname="com.test.kerja.sqa.api.indodax.UserPost" name="createuser" time="4.136"/>
  <system-out/>
  <testcase classname="com.test.kerja.sqa.api.indodax.UserPost" name="createuserpost" time="0.978"/>
  <system-out/>
  <testcase classname="com.test.kerja.sqa.api.indodax.UserPost" name="createtodo" time="0.430"/>
  <system-out/>
</testsuite> <!-- com.test.kerja.sqa.api.indodax.UserPost -->
