<?xml version="1.0" encoding="UTF-8"?>
<!-- Generated by org.testng.reporters.JUnitReportReporter -->
<testsuite hostname="IRSYADMA" failures="0" tests="3" name="com.test.kerja.sqa.api.indodax.UserPost" time="11.843" errors="0" timestamp="2024-08-02T07:43:01 ICT" skipped="0">
  <testcase classname="com.test.kerja.sqa.api.indodax.UserPost" name="createuser" time="7.958"/>
  <system-out/>
  <testcase classname="com.test.kerja.sqa.api.indodax.UserPost" name="createuserpost" time="2.271"/>
  <system-out/>
  <testcase classname="com.test.kerja.sqa.api.indodax.UserPost" name="createtodo" time="1.614"/>
  <system-out/>
</testsuite> <!-- com.test.kerja.sqa.api.indodax.UserPost -->
