<?xml version="1.0" encoding="UTF-8"?>
<!-- Generated by org.testng.reporters.JUnitReportReporter -->
<testsuite hostname="IRSYADMA" failures="0" tests="4" name="com.test.kerja.sqa.api.indodax.UserGet" time="7.214" errors="0" timestamp="2024-08-02T05:43:58 ICT" skipped="0">
  <testcase classname="com.test.kerja.sqa.api.indodax.UserGet" name="getcomment" time="1.205"/>
  <system-out/>
  <testcase classname="com.test.kerja.sqa.api.indodax.UserGet" name="getpostcontent" time="1.464"/>
  <system-out/>
  <testcase classname="com.test.kerja.sqa.api.indodax.UserGet" name="gettodo" time="1.095"/>
  <system-out/>
  <testcase classname="com.test.kerja.sqa.api.indodax.UserGet" name="getalluserbyid" time="3.450"/>
  <system-out/>
</testsuite> <!-- com.test.kerja.sqa.api.indodax.UserGet -->
